This file contains any messages produced by compilers while
running configure, to aid debugging if configure makes a mistake.

It was created by configure, which was
generated by GNU Autoconf 2.72.  Invocation command line was

  $ ./configure --with-php-config=/Applications/XAMPP/xamppfiles/bin/php-config

## --------- ##
## Platform. ##
## --------- ##

hostname = Amirs-MacBook-Air.local
uname -m = arm64
uname -r = 24.3.0
uname -s = Darwin
uname -v = Darwin Kernel Version 24.3.0: Thu Jan  2 20:24:23 PST 2025; root:xnu-11215.81.4~3/RELEASE_ARM64_T8122

/usr/bin/uname -p = arm
/bin/uname -X     = unknown

/bin/arch              = unknown
/usr/bin/arch -k       = unknown
/usr/convex/getsysinfo = unknown
/usr/bin/hostinfo      = Mach kernel version:
	 Darwin Kernel Version 24.3.0: Thu Jan  2 20:24:23 PST 2025; root:xnu-11215.81.4~3/RELEASE_ARM64_T8122
Kernel configured for up to 8 processors.
8 processors are physically available.
8 processors are logically available.
Processor type: arm64e (ARM64E)
Processors active: 0 1 2 3 4 5 6 7
Primary memory available: 16.00 gigabytes
Default processor set: 720 tasks, 3622 threads, 8 processors
Load average: 2.75, Mach factor: 5.71
/bin/machine           = unknown
/usr/bin/oslevel       = unknown
/bin/universe          = unknown

PATH: /Applications/XAMPP/xamppfiles/bin/
PATH: /opt/homebrew/bin/
PATH: /opt/homebrew/sbin/
PATH: /usr/local/bin/
PATH: /System/Cryptexes/App/usr/bin/
PATH: /usr/bin/
PATH: /bin/
PATH: /usr/sbin/
PATH: /sbin/
PATH: /var/run/com.apple.security.cryptexd/codex.system/bootstrap/usr/local/bin/
PATH: /var/run/com.apple.security.cryptexd/codex.system/bootstrap/usr/bin/
PATH: /var/run/com.apple.security.cryptexd/codex.system/bootstrap/usr/appleinternal/bin/
PATH: /Library/Apple/usr/bin/


## ----------- ##
## Core tests. ##
## ----------- ##

configure:2501: looking for aux files: config.guess config.sub
configure:2514:  trying ./build/
configure:2543:   ./build/config.guess found
configure:2543:   ./build/config.sub found
configure:2661: checking for grep that handles long lines and -e
configure:2727: result: /usr/bin/grep
configure:2732: checking for egrep
configure:2802: result: /usr/bin/grep -E
configure:2809: checking for a sed that does not truncate output
configure:2881: result: /usr/bin/sed
configure:3026: checking for pkg-config
configure:3049: found /Applications/XAMPP/xamppfiles/bin/pkg-config
configure:3062: result: /Applications/XAMPP/xamppfiles/bin/pkg-config
configure:3087: checking pkg-config is at least version 0.9.0
configure:3090: result: yes
configure:3167: checking for cc
configure:3188: found /usr/bin/cc
configure:3200: result: cc
configure:3231: checking for C compiler version
configure:3240: cc --version >&5
Apple clang version 15.0.0 (clang-1500.3.9.4)
Target: arm64-apple-darwin24.3.0
Thread model: posix
InstalledDir: /Library/Developer/CommandLineTools/usr/bin
configure:3251: $? = 0
configure:3240: cc -v >&5
Apple clang version 15.0.0 (clang-1500.3.9.4)
Target: arm64-apple-darwin24.3.0
Thread model: posix
InstalledDir: /Library/Developer/CommandLineTools/usr/bin
configure:3251: $? = 0
configure:3240: cc -V >&5
clang: error: argument to '-V' is missing (expected 1 value)
clang: error: no input files
configure:3251: $? = 1
configure:3240: cc -qversion >&5
clang: error: unknown argument '-qversion'; did you mean '--version'?
clang: error: no input files
configure:3251: $? = 1
configure:3240: cc -version >&5
clang: error: unknown argument '-version'; did you mean '--version'?
clang: error: no input files
configure:3251: $? = 1
configure:3271: checking whether the C compiler works
configure:3293: cc    conftest.c  >&5
configure:3297: $? = 0
configure:3348: result: yes
configure:3352: checking for C compiler default output file name
configure:3354: result: a.out
configure:3360: checking for suffix of executables
configure:3367: cc -o conftest    conftest.c  >&5
configure:3371: $? = 0
configure:3395: result: 
configure:3419: checking whether we are cross compiling
configure:3427: cc -o conftest    conftest.c  >&5
configure:3431: $? = 0
configure:3438: ./conftest
configure:3442: $? = 0
configure:3457: result: no
configure:3463: checking for suffix of object files
configure:3486: cc -c   conftest.c >&5
configure:3490: $? = 0
configure:3514: result: o
configure:3518: checking whether the compiler supports GNU C
configure:3538: cc -c   conftest.c >&5
configure:3538: $? = 0
configure:3550: result: yes
configure:3561: checking whether cc accepts -g
configure:3582: cc -c -g  conftest.c >&5
configure:3582: $? = 0
configure:3629: result: yes
configure:3649: checking for cc option to enable C11 features
configure:3664: cc  -c -g -O2  conftest.c >&5
configure:3664: $? = 0
configure:3683: result: none needed
configure:3807: checking how to run the C preprocessor
configure:3833: cc -E  conftest.c
configure:3833: $? = 0
configure:3849: cc -E  conftest.c
conftest.c:9:10: fatal error: 'ac_nonexistent.h' file not found
#include <ac_nonexistent.h>
         ^~~~~~~~~~~~~~~~~~
1 error generated.
configure:3849: $? = 1
configure: failed program was:
| /* confdefs.h */
| #define PACKAGE_NAME ""
| #define PACKAGE_TARNAME ""
| #define PACKAGE_VERSION ""
| #define PACKAGE_STRING ""
| #define PACKAGE_BUGREPORT ""
| #define PACKAGE_URL ""
| /* end confdefs.h.  */
| #include <ac_nonexistent.h>
configure:3878: result: cc -E
configure:3892: cc -E  conftest.c
configure:3892: $? = 0
configure:3908: cc -E  conftest.c
conftest.c:9:10: fatal error: 'ac_nonexistent.h' file not found
#include <ac_nonexistent.h>
         ^~~~~~~~~~~~~~~~~~
1 error generated.
configure:3908: $? = 1
configure: failed program was:
| /* confdefs.h */
| #define PACKAGE_NAME ""
| #define PACKAGE_TARNAME ""
| #define PACKAGE_VERSION ""
| #define PACKAGE_STRING ""
| #define PACKAGE_BUGREPORT ""
| #define PACKAGE_URL ""
| /* end confdefs.h.  */
| #include <ac_nonexistent.h>
configure:3941: checking for egrep -e
configure:4071: result: /usr/bin/grep -E
configure:4077: checking for icc
configure:4087: result: no
configure:4102: checking for suncc
configure:4112: result: no
configure:4131: checking for system library directory
configure:4148: result: lib
configure:4155: checking if compiler supports -Wl,-rpath,
configure:4175: cc -o conftest -g -O2   conftest.c -Wl,-rpath,/usr/lib  >&5
configure:4175: $? = 0
configure:4188: result: yes
configure:4245: checking build system type
configure:4261: result: aarch64-apple-darwin24.3.0
configure:4281: checking host system type
configure:4296: result: aarch64-apple-darwin24.3.0
configure:4316: checking target system type
configure:4331: result: aarch64-apple-darwin24.3.0
configure:4436: checking for PHP prefix
configure:4438: result: /Applications/XAMPP/xamppfiles
configure:4440: checking for PHP includes
configure:4442: result: -I/Applications/XAMPP/xamppfiles/include/php -I/Applications/XAMPP/xamppfiles/include/php/main -I/Applications/XAMPP/xamppfiles/include/php/TSRM -I/Applications/XAMPP/xamppfiles/include/php/Zend -I/Applications/XAMPP/xamppfiles/include/php/ext -I/Applications/XAMPP/xamppfiles/include/php/ext/date/lib
configure:4444: checking for PHP extension directory
configure:4446: result: /Applications/XAMPP/xamppfiles/lib/php/extensions/no-debug-non-zts-20220829
configure:4448: checking for PHP installed headers prefix
configure:4450: result: /Applications/XAMPP/xamppfiles/include/php
configure:4453: checking if debug is enabled
configure:4481: result: no
configure:4484: checking if zts is enabled
configure:4512: result: no
configure:4580: checking for gawk
configure:4617: result: no
configure:4580: checking for nawk
configure:4617: result: no
configure:4580: checking for awk
configure:4602: found /usr/bin/awk
configure:4614: result: awk
configure:4637: checking if awk is broken
configure:4644: result: no
configure:4658: checking for sodium support
configure:4700: result: yes, shared
configure:4712: checking for pkg-config
configure:4749: result: /Applications/XAMPP/xamppfiles/bin/pkg-config
configure:4757: checking for libsodium
configure:4920: error: Please install libsodium - See https://github.com/jedisct1/libsodium

## ---------------- ##
## Cache variables. ##
## ---------------- ##

ac_cv_build=aarch64-apple-darwin24.3.0
ac_cv_c_compiler_gnu=yes
ac_cv_env_CC_set=
ac_cv_env_CC_value=
ac_cv_env_CFLAGS_set=
ac_cv_env_CFLAGS_value=
ac_cv_env_CPPFLAGS_set=
ac_cv_env_CPPFLAGS_value=
ac_cv_env_CPP_set=
ac_cv_env_CPP_value=
ac_cv_env_LDFLAGS_set=
ac_cv_env_LDFLAGS_value=
ac_cv_env_LIBS_set=
ac_cv_env_LIBS_value=
ac_cv_env_PKG_CONFIG_LIBDIR_set=
ac_cv_env_PKG_CONFIG_LIBDIR_value=
ac_cv_env_PKG_CONFIG_PATH_set=
ac_cv_env_PKG_CONFIG_PATH_value=
ac_cv_env_PKG_CONFIG_set=
ac_cv_env_PKG_CONFIG_value=
ac_cv_env_build_alias_set=
ac_cv_env_build_alias_value=
ac_cv_env_host_alias_set=
ac_cv_env_host_alias_value=
ac_cv_env_target_alias_set=
ac_cv_env_target_alias_value=
ac_cv_host=aarch64-apple-darwin24.3.0
ac_cv_objext=o
ac_cv_path_EGREP='/usr/bin/grep -E'
ac_cv_path_EGREP_TRADITIONAL='/usr/bin/grep -E'
ac_cv_path_GREP=/usr/bin/grep
ac_cv_path_PKG_CONFIG=/Applications/XAMPP/xamppfiles/bin/pkg-config
ac_cv_path_SED=/usr/bin/sed
ac_cv_path_ac_pt_PKG_CONFIG=/Applications/XAMPP/xamppfiles/bin/pkg-config
ac_cv_prog_AWK=awk
ac_cv_prog_CPP='cc -E'
ac_cv_prog_ac_ct_CC=cc
ac_cv_prog_cc_c11=
ac_cv_prog_cc_g=yes
ac_cv_prog_cc_stdc=
ac_cv_target=aarch64-apple-darwin24.3.0
php_cv_cc_rpath=yes

## ----------------- ##
## Output variables. ##
## ----------------- ##

AR=''
AWK='awk'
BUILD_CC=''
CC='cc'
CFLAGS='-g -O2'
CONFIGURE_COMMAND=' '\''./configure'\''  '\''--with-php-config=/Applications/XAMPP/xamppfiles/bin/php-config'\'''
CONFIGURE_OPTIONS=' '\''--with-php-config=/Applications/XAMPP/xamppfiles/bin/php-config'\'''
CPP='cc -E'
CPPFLAGS=''
DEFS=''
DSYMUTIL=''
ECHO='/bin/echo'
ECHO_C='\c'
ECHO_N=''
ECHO_T=''
EGREP='/usr/bin/grep -E'
EXEEXT=''
GREP='/usr/bin/grep'
LDFLAGS=''
LIBOBJS=''
LIBS=''
LIBTOOL=''
LN_S=''
LTLIBOBJS=''
NMEDIT=''
OBJEXT='o'
PACKAGE_BUGREPORT=''
PACKAGE_NAME=''
PACKAGE_STRING=''
PACKAGE_TARNAME=''
PACKAGE_URL=''
PACKAGE_VERSION=''
PATH_SEPARATOR=':'
PKG_CONFIG='/Applications/XAMPP/xamppfiles/bin/pkg-config'
PKG_CONFIG_LIBDIR=''
PKG_CONFIG_PATH=''
RANLIB=''
SED='/usr/bin/sed'
SHELL='/bin/sh'
SHLIB_DL_SUFFIX_NAME='so'
SHLIB_SUFFIX_NAME='dylib'
STRIP=''
ac_ct_CC='cc'
bindir='${exec_prefix}/bin'
build='aarch64-apple-darwin24.3.0'
build_alias=''
build_cpu='aarch64'
build_os='darwin24.3.0'
build_vendor='apple'
datadir='${datarootdir}'
datarootdir='${prefix}/share'
docdir='${datarootdir}/doc/${PACKAGE}'
dvidir='${docdir}'
exec_prefix='NONE'
host='aarch64-apple-darwin24.3.0'
host_alias='aarch64-apple-darwin24.3.0'
host_cpu='aarch64'
host_os='darwin24.3.0'
host_vendor='apple'
htmldir='${docdir}'
includedir='${prefix}/include'
infodir='${datarootdir}/info'
libdir='${exec_prefix}/lib'
libexecdir='${exec_prefix}/libexec'
localedir='${datarootdir}/locale'
localstatedir='${prefix}/var'
mandir='${datarootdir}/man'
oldincludedir='/usr/include'
pdfdir='${docdir}'
prefix='/Applications/XAMPP/xamppfiles'
program_transform_name='s,x,x,'
psdir='${docdir}'
runstatedir='${localstatedir}/run'
sbindir='${exec_prefix}/sbin'
sharedstatedir='${prefix}/com'
sysconfdir='${prefix}/etc'
target='aarch64-apple-darwin24.3.0'
target_alias=''
target_cpu='aarch64'
target_os='darwin24.3.0'
target_vendor='apple'

## ----------- ##
## confdefs.h. ##
## ----------- ##

/* confdefs.h */
#define PACKAGE_NAME ""
#define PACKAGE_TARNAME ""
#define PACKAGE_VERSION ""
#define PACKAGE_STRING ""
#define PACKAGE_BUGREPORT ""
#define PACKAGE_URL ""

configure: exit 1
